# JRE version: OpenJDK Runtime Environment (11.0.13) (build 11.0.13+0-b1751.21-8125866)
# Java VM: OpenJDK 64-Bit Server VM (11.0.13+0-b1751.21-8125866, mixed mode, tiered, compressed oops, g1 gc, windows-amd64)
Heap:
 garbage-first heap   total 297984K, used 141805K [0x0000000080000000, 0x0000000100000000)
  region size 1024K, 39 young (39936K), 6 survivors (6144K)
 Metaspace       used 100614K, capacity 103130K, committed 103424K, reserved 1138688K
  class space    used 12823K, capacity 13761K, committed 13824K, reserved 1048576K
GC Heap History (20 events):
Event: 83.161 GC heap before
{Heap before GC invocations=70 (full 0):
 garbage-first heap   total 159744K, used 129520K [0x0000000080000000, 0x0000000100000000)
  region size 1024K, 48 young (49152K), 6 survivors (6144K)
 Metaspace       used 88479K, capacity 90633K, committed 90752K, reserved 1128448K
  class space    used 11369K, capacity 12149K, committed 12160K, reserved 1048576K
}
Event: 83.222 GC heap after
{Heap after GC invocations=71 (full 0):
 garbage-first heap   total 159744K, used 90805K [0x0000000080000000, 0x0000000100000000)
  region size 1024K, 6 young (6144K), 6 survivors (6144K)
 Metaspace       used 88479K, capacity 90633K, committed 90752K, reserved 1128448K
  class space    used 11369K, capacity 12149K, committed 12160K, reserved 1048576K
}
Event: 85.160 GC heap before
{Heap before GC invocations=71 (full 0):
 garbage-first heap   total 159744K, used 130740K [0x0000000080000000, 0x0000000100000000)
  region size 1024K, 46 young (47104K), 6 survivors (6144K)
 Metaspace       used 90568K, capacity 92776K, committed 92800K, reserved 1130496K
  class space    used 11592K, capacity 12404K, committed 12416K, reserved 1048576K
}
Event: 85.223 GC heap after
{Heap after GC invocations=72 (full 0):
 garbage-first heap   total 192512K, used 92870K [0x0000000080000000, 0x0000000100000000)
  region size 1024K, 3 young (3072K), 3 survivors (3072K)
 Metaspace       used 90568K, capacity 92776K, committed 92800K, reserved 1130496K
  class space    used 11592K, capacity 12404K, committed 12416K, reserved 1048576K
}
Event: 88.073 GC heap before
{Heap before GC invocations=73 (full 0):
 garbage-first heap   total 192512K, used 146118K [0x0000000080000000, 0x0000000100000000)
  region size 1024K, 56 young (57344K), 3 survivors (3072K)
 Metaspace       used 92420K, capacity 94635K, committed 94848K, reserved 1132544K
  class space    used 11827K, capacity 12635K, committed 12672K, reserved 1048576K
}
Event: 88.091 GC heap after
{Heap after GC invocations=74 (full 0):
 garbage-first heap   total 192512K, used 94471K [0x0000000080000000, 0x0000000100000000)
  region size 1024K, 4 young (4096K), 4 survivors (4096K)
 Metaspace       used 92420K, capacity 94635K, committed 94848K, reserved 1132544K
  class space    used 11827K, capacity 12635K, committed 12672K, reserved 1048576K
}
Event: 122.001 GC heap before
{Heap before GC invocations=74 (full 0):
 garbage-first heap   total 192512K, used 152839K [0x0000000080000000, 0x0000000100000000)
  region size 1024K, 62 young (63488K), 4 survivors (4096K)
 Metaspace       used 94401K, capacity 96731K, committed 96896K, reserved 1132544K
  class space    used 12034K, capacity 12867K, committed 12928K, reserved 1048576K
}
Event: 123.189 GC heap after
{Heap after GC invocations=75 (full 0):
 garbage-first heap   total 192512K, used 98848K [0x0000000080000000, 0x0000000100000000)
  region size 1024K, 8 young (8192K), 8 survivors (8192K)
 Metaspace       used 94401K, capacity 96731K, committed 96896K, reserved 1132544K
  class space    used 12034K, capacity 12867K, committed 12928K, reserved 1048576K
}
Event: 123.614 GC heap before
{Heap before GC invocations=75 (full 0):
 garbage-first heap   total 192512K, used 99872K [0x0000000080000000, 0x0000000100000000)
  region size 1024K, 9 young (9216K), 8 survivors (8192K)
 Metaspace       used 94401K, capacity 96731K, committed 96896K, reserved 1132544K
  class space    used 12034K, capacity 12867K, committed 12928K, reserved 1048576K
}
Event: 123.720 GC heap after
{Heap after GC invocations=76 (full 0):
 garbage-first heap   total 192512K, used 99715K [0x0000000080000000, 0x0000000100000000)
  region size 1024K, 1 young (1024K), 1 survivors (1024K)
 Metaspace       used 94401K, capacity 96731K, committed 96896K, reserved 1132544K
  class space    used 12034K, capacity 12867K, committed 12928K, reserved 1048576K
}
Event: 124.122 GC heap before
{Heap before GC invocations=76 (full 0):
 garbage-first heap   total 192512K, used 106883K [0x0000000080000000, 0x0000000100000000)
  region size 1024K, 9 young (9216K), 1 survivors (1024K)
 Metaspace       used 94572K, capacity 96861K, committed 97152K, reserved 1134592K
  class space    used 12052K, capacity 12867K, committed 12928K, reserved 1048576K
}
Event: 124.131 GC heap after
{Heap after GC invocations=77 (full 0):
 garbage-first heap   total 192512K, used 100718K [0x0000000080000000, 0x0000000100000000)
  region size 1024K, 2 young (2048K), 2 survivors (2048K)
 Metaspace       used 94572K, capacity 96861K, committed 97152K, reserved 1134592K
  class space    used 12052K, capacity 12867K, committed 12928K, reserved 1048576K
}
Event: 127.086 GC heap before
{Heap before GC invocations=78 (full 0):
 garbage-first heap   total 192512K, used 156014K [0x0000000080000000, 0x0000000100000000)
  region size 1024K, 57 young (58368K), 2 survivors (2048K)
 Metaspace       used 95079K, capacity 97414K, committed 97536K, reserved 1134592K
  class space    used 12100K, capacity 12944K, committed 13056K, reserved 1048576K
}
Event: 127.129 GC heap after
{Heap after GC invocations=79 (full 0):
 garbage-first heap   total 192512K, used 103711K [0x0000000080000000, 0x0000000100000000)
  region size 1024K, 5 young (5120K), 5 survivors (5120K)
 Metaspace       used 95079K, capacity 97414K, committed 97536K, reserved 1134592K
  class space    used 12100K, capacity 12944K, committed 13056K, reserved 1048576K
}
Event: 127.619 GC heap before
{Heap before GC invocations=79 (full 0):
 garbage-first heap   total 192512K, used 106783K [0x0000000080000000, 0x0000000100000000)
  region size 1024K, 9 young (9216K), 5 survivors (5120K)
 Metaspace       used 95117K, capacity 97414K, committed 97536K, reserved 1134592K
  class space    used 12106K, capacity 12944K, committed 13056K, reserved 1048576K
}
Event: 127.699 GC heap after
{Heap after GC invocations=80 (full 0):
 garbage-first heap   total 192512K, used 104539K [0x0000000080000000, 0x0000000100000000)
  region size 1024K, 1 young (1024K), 1 survivors (1024K)
 Metaspace       used 95117K, capacity 97414K, committed 97536K, reserved 1134592K
  class space    used 12106K, capacity 12944K, committed 13056K, reserved 1048576K
}
Event: 130.246 GC heap before
{Heap before GC invocations=81 (full 0):
 garbage-first heap   total 192512K, used 143451K [0x0000000080000000, 0x0000000100000000)
  region size 1024K, 40 young (40960K), 1 survivors (1024K)
 Metaspace       used 96896K, capacity 99186K, committed 99200K, reserved 1134592K
  class space    used 12315K, capacity 13171K, committed 13184K, reserved 1048576K
}
Event: 130.274 GC heap after
{Heap after GC invocations=82 (full 0):
 garbage-first heap   total 297984K, used 106672K [0x0000000080000000, 0x0000000100000000)
  region size 1024K, 4 young (4096K), 4 survivors (4096K)
 Metaspace       used 96896K, capacity 99186K, committed 99200K, reserved 1134592K
  class space    used 12315K, capacity 13171K, committed 13184K, reserved 1048576K
}
Event: 132.573 GC heap before
{Heap before GC invocations=82 (full 0):
 garbage-first heap   total 297984K, used 146608K [0x0000000080000000, 0x0000000100000000)
  region size 1024K, 43 young (44032K), 4 survivors (4096K)
 Metaspace       used 98156K, capacity 100466K, committed 100736K, reserved 1136640K
  class space    used 12454K, capacity 13316K, committed 13440K, reserved 1048576K
}
Event: 132.584 GC heap after
{Heap after GC invocations=83 (full 0):
 garbage-first heap   total 297984K, used 109037K [0x0000000080000000, 0x0000000100000000)
  region size 1024K, 6 young (6144K), 6 survivors (6144K)
 Metaspace       used 98156K, capacity 100466K, committed 100736K, reserved 1136640K
  class space    used 12454K, capacity 13316K, committed 13440K, reserved 1048576K
}

