# JRE version: OpenJDK Runtime Environment (11.0.13) (build 11.0.13+0-b1751.21-8125866)
# Java VM: OpenJDK 64-Bit Server VM (11.0.13+0-b1751.21-8125866, mixed mode, tiered, compressed oops, g1 gc, windows-amd64)
Heap:
 garbage-first heap   total 76800K, used 28489K [0x00000000c2400000, 0x0000000100000000)
  region size 1024K, 4 young (4096K), 3 survivors (3072K)
 Metaspace       used 44961K, capacity 45472K, committed 45648K, reserved 1095680K
  class space    used 5311K, capacity 5528K, committed 5632K, reserved 1048576K
GC Heap History (14 events):
Event: 1.277 GC heap before
{Heap before GC invocations=0 (full 0):
 garbage-first heap   total 63488K, used 18432K [0x00000000c2400000, 0x0000000100000000)
  region size 1024K, 14 young (14336K), 0 survivors (0K)
 Metaspace       used 9539K, capacity 9615K, committed 9856K, reserved 1058816K
  class space    used 789K, capacity 820K, committed 896K, reserved 1048576K
}
Event: 1.286 GC heap after
{Heap after GC invocations=1 (full 0):
 garbage-first heap   total 63488K, used 6726K [0x00000000c2400000, 0x0000000100000000)
  region size 1024K, 2 young (2048K), 2 survivors (2048K)
 Metaspace       used 9539K, capacity 9615K, committed 9856K, reserved 1058816K
  class space    used 789K, capacity 820K, committed 896K, reserved 1048576K
}
Event: 3.255 GC heap before
{Heap before GC invocations=1 (full 0):
 garbage-first heap   total 63488K, used 42566K [0x00000000c2400000, 0x0000000100000000)
  region size 1024K, 37 young (37888K), 2 survivors (2048K)
 Metaspace       used 17005K, capacity 17160K, committed 17408K, reserved 1064960K
  class space    used 1647K, capacity 1720K, committed 1792K, reserved 1048576K
}
Event: 3.273 GC heap after
{Heap after GC invocations=2 (full 0):
 garbage-first heap   total 63488K, used 10521K [0x00000000c2400000, 0x0000000100000000)
  region size 1024K, 5 young (5120K), 5 survivors (5120K)
 Metaspace       used 17005K, capacity 17160K, committed 17408K, reserved 1064960K
  class space    used 1647K, capacity 1720K, committed 1792K, reserved 1048576K
}
Event: 3.961 GC heap before
{Heap before GC invocations=2 (full 0):
 garbage-first heap   total 63488K, used 21785K [0x00000000c2400000, 0x0000000100000000)
  region size 1024K, 17 young (17408K), 5 survivors (5120K)
 Metaspace       used 20886K, capacity 21115K, committed 21296K, reserved 1069056K
  class space    used 2237K, capacity 2337K, committed 2432K, reserved 1048576K
}
Event: 3.983 GC heap after
{Heap after GC invocations=3 (full 0):
 garbage-first heap   total 63488K, used 11295K [0x00000000c2400000, 0x0000000100000000)
  region size 1024K, 1 young (1024K), 1 survivors (1024K)
 Metaspace       used 20886K, capacity 21115K, committed 21296K, reserved 1069056K
  class space    used 2237K, capacity 2337K, committed 2432K, reserved 1048576K
}
Event: 5.991 GC heap before
{Heap before GC invocations=4 (full 0):
 garbage-first heap   total 63488K, used 37919K [0x00000000c2400000, 0x0000000100000000)
  region size 1024K, 23 young (23552K), 1 survivors (1024K)
 Metaspace       used 27261K, capacity 27744K, committed 27952K, reserved 1075200K
  class space    used 2936K, capacity 3114K, committed 3200K, reserved 1048576K
}
Event: 5.998 GC heap after
{Heap after GC invocations=5 (full 0):
 garbage-first heap   total 63488K, used 16868K [0x00000000c2400000, 0x0000000100000000)
  region size 1024K, 3 young (3072K), 3 survivors (3072K)
 Metaspace       used 27261K, capacity 27744K, committed 27952K, reserved 1075200K
  class space    used 2936K, capacity 3114K, committed 3200K, reserved 1048576K
}
Event: 8.376 GC heap before
{Heap before GC invocations=5 (full 0):
 garbage-first heap   total 63488K, used 37348K [0x00000000c2400000, 0x0000000100000000)
  region size 1024K, 24 young (24576K), 3 survivors (3072K)
 Metaspace       used 32010K, capacity 32493K, committed 32688K, reserved 1077248K
  class space    used 3791K, capacity 4002K, committed 4096K, reserved 1048576K
}
Event: 8.391 GC heap after
{Heap after GC invocations=6 (full 0):
 garbage-first heap   total 63488K, used 19568K [0x00000000c2400000, 0x0000000100000000)
  region size 1024K, 3 young (3072K), 3 survivors (3072K)
 Metaspace       used 32010K, capacity 32493K, committed 32688K, reserved 1077248K
  class space    used 3791K, capacity 4002K, committed 4096K, reserved 1048576K
}
Event: 10.964 GC heap before
{Heap before GC invocations=6 (full 0):
 garbage-first heap   total 63488K, used 41072K [0x00000000c2400000, 0x0000000100000000)
  region size 1024K, 23 young (23552K), 3 survivors (3072K)
 Metaspace       used 35266K, capacity 35739K, committed 35920K, reserved 1081344K
  class space    used 4343K, capacity 4548K, committed 4608K, reserved 1048576K
}
Event: 10.978 GC heap after
{Heap after GC invocations=7 (full 0):
 garbage-first heap   total 76800K, used 24576K [0x00000000c2400000, 0x0000000100000000)
  region size 1024K, 3 young (3072K), 3 survivors (3072K)
 Metaspace       used 35266K, capacity 35739K, committed 35920K, reserved 1081344K
  class space    used 4343K, capacity 4548K, committed 4608K, reserved 1048576K
}
Event: 13.216 GC heap before
{Heap before GC invocations=8 (full 0):
 garbage-first heap   total 76800K, used 49152K [0x00000000c2400000, 0x0000000100000000)
  region size 1024K, 28 young (28672K), 3 survivors (3072K)
 Metaspace       used 39371K, capacity 39937K, committed 40272K, reserved 1085440K
  class space    used 4786K, capacity 5006K, committed 5120K, reserved 1048576K
}
Event: 13.241 GC heap after
{Heap after GC invocations=9 (full 0):
 garbage-first heap   total 76800K, used 26123K [0x00000000c2400000, 0x0000000100000000)
  region size 1024K, 4 young (4096K), 4 survivors (4096K)
 Metaspace       used 39371K, capacity 39937K, committed 40272K, reserved 1085440K
  class space    used 4786K, capacity 5006K, committed 5120K, reserved 1048576K
}

